🚀 شروع تحلیل...
📥 دریافت صفحه 1 (تلاش 1/3)...
✅ 100 آیتم از صفحه 1 دریافت شد
📥 دریافت صفحه 2 (تلاش 1/3)...
✅ 100 آیتم از صفحه 2 دریافت شد
📥 دریافت صفحه 3 (تلاش 1/3)...
✅ 100 آیتم از صفحه 3 دریافت شد
📥 دریافت صفحه 4 (تلاش 1/3)...
✅ 100 آیتم از صفحه 4 دریافت شد
📥 دریافت صفحه 5 (تلاش 1/3)...
✅ 100 آیتم از صفحه 5 دریافت شد
📥 دریافت صفحه 6 (تلاش 1/3)...
✅ 100 آیتم از صفحه 6 دریافت شد
📥 دریافت صفحه 7 (تلاش 1/3)...
✅ 100 آیتم از صفحه 7 دریافت شد
📥 دریافت صفحه 8 (تلاش 1/3)...
✅ 100 آیتم از صفحه 8 دریافت شد
📥 دریافت صفحه 9 (تلاش 1/3)...
✅ 100 آیتم از صفحه 9 دریافت شد
📥 دریافت صفحه 10 (تلاش 1/3)...
✅ 100 آیتم از صفحه 10 دریافت شد
📥 دریافت صفحه 11 (تلاش 1/3)...
⏰ timeout در صفحه 11: HTTPSConnectionPool(host='api.bitbarg.com', port=443): Read timed out. (read timeout=30)
📥 دریافت صفحه 11 (تلاش 2/3)...
✅ 26 آیتم از صفحه 11 دریافت شد
🔥 رشدها: TROLL, ORO, SBR, D2T, AVL
❄️ افت‌ها: SXP, GMMT, PLSPAD, ATS, ULTI
⚡ نوسان: 22 ارز
✅ README ذخیره شد
✅ فایل‌های JSON ذخیره شدند
✅ داشبورد ذخیره شد
✅ پایان موفق
